0 info it worked if it ends with ok
1 verbose cli [ '/usr/bin/nodejs', '/usr/bin/npm', 'install', '-', 'gulp' ]
2 info using npm@3.5.2
3 info using node@v4.2.6
4 silly loadCurrentTree Starting
5 silly install loadCurrentTree
6 silly install readLocalPackageData
7 silly fetchPackageMetaData -
8 silly fetchPackageMetaData gulp
9 silly fetchOtherPackageData -
10 silly cache add args [ '-', null ]
11 verbose cache add spec -
12 silly fetchNamedPackageData gulp
13 silly mapToRegistry name gulp
14 silly mapToRegistry using default registry
15 silly mapToRegistry registry https://registry.npmjs.org/
16 silly mapToRegistry uri https://registry.npmjs.org/gulp
17 silly cache add parsed spec Result {
17 silly cache add   raw: '-',
17 silly cache add   scope: null,
17 silly cache add   name: null,
17 silly cache add   rawSpec: '-',
17 silly cache add   spec: '/home/dhendi/web/web-test1/-',
17 silly cache add   type: 'local' }
18 error addLocal Could not install /home/dhendi/web/web-test1/-
19 silly fetchPackageMetaData Error: ENOENT: no such file or directory, open '/home/dhendi/web/web-test1/-'
19 silly fetchPackageMetaData     at Error (native)
19 silly fetchPackageMetaData  error for - { [Error: ENOENT: no such file or directory, open '/home/dhendi/web/web-test1/-']
19 silly fetchPackageMetaData   errno: -2,
19 silly fetchPackageMetaData   code: 'ENOENT',
19 silly fetchPackageMetaData   syscall: 'open',
19 silly fetchPackageMetaData   path: '/home/dhendi/web/web-test1/-' }
20 verbose request uri https://registry.npmjs.org/gulp
21 verbose request no auth needed
22 info attempt registry request try #1 at 8:13:10 AM
23 verbose request id 3213005acf7f0a56
24 verbose etag "B58CO6IT090ZFT2KRQQBGJWSB"
25 http request GET https://registry.npmjs.org/gulp
26 http 304 https://registry.npmjs.org/gulp
27 verbose headers { date: 'Sat, 23 Jul 2016 01:13:10 GMT',
27 verbose headers   via: '1.1 varnish',
27 verbose headers   'cache-control': 'max-age=300',
27 verbose headers   etag: '"B58CO6IT090ZFT2KRQQBGJWSB"',
27 verbose headers   age: '38',
27 verbose headers   connection: 'keep-alive',
27 verbose headers   'x-served-by': 'cache-sin6924-SIN',
27 verbose headers   'x-cache': 'HIT',
27 verbose headers   'x-cache-hits': '1',
27 verbose headers   'x-timer': 'S1469236390.588485,VS0,VE0',
27 verbose headers   vary: 'Accept-Encoding' }
28 silly get cb [ 304,
28 silly get   { date: 'Sat, 23 Jul 2016 01:13:10 GMT',
28 silly get     via: '1.1 varnish',
28 silly get     'cache-control': 'max-age=300',
28 silly get     etag: '"B58CO6IT090ZFT2KRQQBGJWSB"',
28 silly get     age: '38',
28 silly get     connection: 'keep-alive',
28 silly get     'x-served-by': 'cache-sin6924-SIN',
28 silly get     'x-cache': 'HIT',
28 silly get     'x-cache-hits': '1',
28 silly get     'x-timer': 'S1469236390.588485,VS0,VE0',
28 silly get     vary: 'Accept-Encoding' } ]
29 verbose etag https://registry.npmjs.org/gulp from cache
30 verbose get saving gulp to /home/dhendi/.npm/registry.npmjs.org/gulp/.cache.json
31 silly rollbackFailedOptional Starting
32 silly rollbackFailedOptional Finishing
33 silly runTopLevelLifecycles Starting
34 silly runTopLevelLifecycles Finishing
35 silly install printInstalled
36 verbose stack Error: ENOENT: no such file or directory, open '/home/dhendi/web/web-test1/-'
36 verbose stack     at Error (native)
37 verbose cwd /home/dhendi/web/web-test1
38 error Linux 4.4.0-31-generic
39 error argv "/usr/bin/nodejs" "/usr/bin/npm" "install" "-" "gulp"
40 error node v4.2.6
41 error npm  v3.5.2
42 error path /home/dhendi/web/web-test1/-
43 error code ENOENT
44 error errno -2
45 error syscall open
46 error enoent ENOENT: no such file or directory, open '/home/dhendi/web/web-test1/-'
47 error enoent ENOENT: no such file or directory, open '/home/dhendi/web/web-test1/-'
47 error enoent This is most likely not a problem with npm itself
47 error enoent and is related to npm not being able to find a file.
48 verbose exit [ -2, true ]
